[debug] [2024-01-28T20:11:05.088Z] ----------------------------------------------------------------------
[debug] [2024-01-28T20:11:05.091Z] Command:       C:\Program Files\nodejs\node.exe C:\Users\xenon\AppData\Roaming\npm\node_modules\firebase-tools\lib\bin\firebase.js init
[debug] [2024-01-28T20:11:05.092Z] CLI Version:   13.1.0
[debug] [2024-01-28T20:11:05.092Z] Platform:      win32
[debug] [2024-01-28T20:11:05.092Z] Node Version:  v20.11.0
[debug] [2024-01-28T20:11:05.092Z] Time:          Sun Jan 28 2024 23:11:05 GMT+0300 (التوقيت العربي الرسمي)
[debug] [2024-01-28T20:11:05.092Z] ----------------------------------------------------------------------
[debug] 
[debug] [2024-01-28T20:11:05.099Z] > command requires scopes: ["email","openid","https://www.googleapis.com/auth/cloudplatformprojects.readonly","https://www.googleapis.com/auth/firebase","https://www.googleapis.com/auth/cloud-platform"]
[debug] [2024-01-28T20:11:05.100Z] > authorizing via signed-in user (alanowdfawas123@gmail.com)
[info] 
     ######## #### ########  ######## ########     ###     ######  ########
     ##        ##  ##     ## ##       ##     ##  ##   ##  ##       ##
     ######    ##  ########  ######   ########  #########  ######  ######
     ##        ##  ##    ##  ##       ##     ## ##     ##       ## ##
     ##       #### ##     ## ######## ########  ##     ##  ######  ########

You're about to initialize a Firebase project in this directory:

  C:\Users\xenon\Desktop.cancelled\my\web\FawazEn

[info] 
=== Project Setup
[info] 
[info] First, let's associate this project directory with a Firebase project.
[info] You can create multiple project aliases by running firebase use --add, 
[info] but for now we'll just set up a default project.
[info] 
[debug] [2024-01-28T20:11:54.027Z] >>> [apiv2][query] GET https://firebase.googleapis.com/v1beta1/projects pageSize=100
[debug] [2024-01-28T20:11:55.081Z] <<< [apiv2][status] GET https://firebase.googleapis.com/v1beta1/projects 200
[debug] [2024-01-28T20:11:55.082Z] <<< [apiv2][body] GET https://firebase.googleapis.com/v1beta1/projects [omitted]
[info] i  Using project alanowd1-300a6 (alanowd1) 
[info] 
=== Hosting Setup
[debug] [2024-01-28T20:12:02.048Z] >>> [apiv2][query] GET https://firebase.googleapis.com/v1beta1/projects/alanowd1-300a6 [none]
[debug] [2024-01-28T20:12:02.806Z] <<< [apiv2][status] GET https://firebase.googleapis.com/v1beta1/projects/alanowd1-300a6 200
[debug] [2024-01-28T20:12:02.807Z] <<< [apiv2][body] GET https://firebase.googleapis.com/v1beta1/projects/alanowd1-300a6 {"projectId":"alanowd1-300a6","projectNumber":"391491608586","displayName":"alanowd1","name":"projects/alanowd1-300a6","resources":{"hostingSite":"alanowd1-300a6"},"state":"ACTIVE","etag":"1_a7cf6ec3-708f-41d5-9369-ea5784ccb329"}
[info] 
[info] Your public directory is the folder (relative to your project directory) that
[info] will contain Hosting assets to be uploaded with firebase deploy. If you
[info] have a build process for your assets, use your build's output directory.
[info] 
[info] +  Wrote public/404.html 
[debug] [2024-01-28T20:14:19.181Z] >>> [apiv2][query] GET https://www.gstatic.com/firebasejs/releases.json [none]
[debug] [2024-01-28T20:14:19.579Z] <<< [apiv2][status] GET https://www.gstatic.com/firebasejs/releases.json 200
[debug] [2024-01-28T20:14:19.579Z] <<< [apiv2][body] GET https://www.gstatic.com/firebasejs/releases.json {"current":{"version":"10.7.2","browserURL":"https://www.gstatic.com/firebasejs/10.7.2/firebase.js","packageURL":"https://www.gstatic.com/firebasejs/10.7.2/firebase.tgz"},"live":{"version":"10.7","browserURL":"https://www.gstatic.com/firebasejs/live/10.7/firebase.js","packageURL":"https://www.gstatic.com/firebasejs/live/10.7/firebase.tgz"},"components":{"analytics":"https://www.gstatic.com/firebasejs/10.7.2/firebase-analytics.js","app":"https://www.gstatic.com/firebasejs/10.7.2/firebase-app.js","app-check":"https://www.gstatic.com/firebasejs/10.7.2/firebase-app-check.js","auth":"https://www.gstatic.com/firebasejs/10.7.2/firebase-auth.js","auth/cordova":"https://www.gstatic.com/firebasejs/10.7.2/firebase-auth/cordova.js","functions":"https://www.gstatic.com/firebasejs/10.7.2/firebase-functions.js","firestore":"https://www.gstatic.com/firebasejs/10.7.2/firebase-firestore.js","firestore/lite":"https://www.gstatic.com/firebasejs/10.7.2/firebase-firestore/lite.js","installations":"https://www.gstatic.com/firebasejs/10.7.2/firebase-installations.js","storage":"https://www.gstatic.com/firebasejs/10.7.2/firebase-storage.js","performance":"https://www.gstatic.com/firebasejs/10.7.2/firebase-performance.js","remote-config":"https://www.gstatic.com/firebasejs/10.7.2/firebase-remote-config.js","messaging":"https://www.gstatic.com/firebasejs/10.7.2/firebase-messaging.js","messaging/sw":"https://www.gstatic.com/firebasejs/10.7.2/firebase-messaging/sw.js","database":"https://www.gstatic.com/firebasejs/10.7.2/firebase-database.js","firestore.memory":"https://www.gstatic.com/firebasejs/10.7.2/firebase-firestore.memory.js"}}
[info] i  Skipping write of public/index.html 
[info] 
[info] i  Writing configuration info to firebase.json... 
[info] i  Writing project information to .firebaserc... 
[info] i  Writing gitignore file to .gitignore... 
[info] 
[info] +  Firebase initialization complete! 
